This file contains any messages produced by compilers while
running configure, to aid debugging if configure makes a mistake.

It was created by libsecp256k1 configure 0.1, which was
generated by GNU Autoconf 2.71.  Invocation command line was

  $ ./configure

## --------- ##
## Platform. ##
## --------- ##

hostname = pop-os
uname -m = x86_64
uname -r = 6.9.3-76060903-generic
uname -s = Linux
uname -v = #202405300957~1732141768~22.04~f2697e1 SMP PREEMPT_DYNAMIC Wed N

/usr/bin/uname -p = x86_64
/bin/uname -X     = unknown

/bin/arch              = x86_64
/usr/bin/arch -k       = unknown
/usr/convex/getsysinfo = unknown
/usr/bin/hostinfo      = unknown
/bin/machine           = unknown
/usr/bin/oslevel       = unknown
/bin/universe          = unknown

PATH: /home/parko/.vscode/extensions/ms-python.python-2024.22.2-linux-x64/python_files/deactivate/zsh/
PATH: /home/parko/2024.msc.marko.cirkovic/eidch-pilot-elfa-base-infrastructure/.venv/bin/
PATH: /home/parko/texlive/2024/bin/x86_64-linux/
PATH: /home/parko/.local/bin/
PATH: /home/parko/.vscode/extensions/ms-python.python-2024.22.2-linux-x64/python_files/deactivate/zsh/
PATH: /home/parko/2024.msc.marko.cirkovic/eidch-pilot-elfa-base-infrastructure/.venv/bin/
PATH: /home/parko/texlive/2024/bin/x86_64-linux/
PATH: /home/parko/.local/bin/
PATH: /home/parko/.nvm/versions/node/v20.18.0/bin/
PATH: /home/parko/.cargo/bin/
PATH: /home/parko/.local/bin/
PATH: /usr/local/sbin/
PATH: /usr/local/bin/
PATH: /usr/sbin/
PATH: /usr/bin/
PATH: /sbin/
PATH: /bin/
PATH: /usr/games/
PATH: /usr/local/games/
PATH: /snap/bin/
PATH: /usr/local/go/bin/
PATH: /bin/
PATH: /home/parko/go/bin/
PATH: /home/parko/go/bin/
PATH: /usr/local/go/bin/
PATH: /bin/
PATH: /home/parko/go/bin/
PATH: /home/parko/go/bin/


## ----------- ##
## Core tests. ##
## ----------- ##

configure:2638: looking for aux files: compile ltmain.sh missing install-sh config.guess config.sub
configure:2651:  trying ./build-aux/
configure:2680:   ./build-aux/compile found
configure:2680:   ./build-aux/ltmain.sh found
configure:2680:   ./build-aux/missing found
configure:2662:   ./build-aux/install-sh found
configure:2680:   ./build-aux/config.guess found
configure:2680:   ./build-aux/config.sub found
configure:2800: checking build system type
configure:2815: result: x86_64-pc-linux-gnu
configure:2835: checking host system type
configure:2849: result: x86_64-pc-linux-gnu
configure:2889: checking for a BSD-compatible install
configure:2962: result: /usr/bin/install -c
configure:2973: checking whether build environment is sane
configure:3028: result: yes
configure:3187: checking for a race-free mkdir -p
configure:3231: result: /usr/bin/mkdir -p
configure:3238: checking for gawk
configure:3259: found /usr/bin/gawk
configure:3270: result: gawk
configure:3281: checking whether make sets $(MAKE)
configure:3304: result: yes
configure:3334: checking whether make supports nested variables
configure:3352: result: yes
configure:3535: checking how to print strings
configure:3562: result: printf
configure:3596: checking whether make supports the include directive
configure:3611: make -f confmf.GNU && cat confinc.out
this is the am__doit target
configure:3614: $? = 0
configure:3633: result: yes (GNU style)
configure:3709: checking for gcc
configure:3730: found /usr/bin/gcc
configure:3741: result: gcc
configure:4094: checking for C compiler version
configure:4103: gcc --version >&5
gcc (Ubuntu 11.4.0-1ubuntu1~22.04) 11.4.0
Copyright (C) 2021 Free Software Foundation, Inc.
This is free software; see the source for copying conditions.  There is NO
warranty; not even for MERCHANTABILITY or FITNESS FOR A PARTICULAR PURPOSE.

configure:4114: $? = 0
configure:4103: gcc -v >&5
Using built-in specs.
COLLECT_GCC=gcc
COLLECT_LTO_WRAPPER=/usr/lib/gcc/x86_64-linux-gnu/11/lto-wrapper
OFFLOAD_TARGET_NAMES=nvptx-none:amdgcn-amdhsa
OFFLOAD_TARGET_DEFAULT=1
Target: x86_64-linux-gnu
Configured with: ../src/configure -v --with-pkgversion='Ubuntu 11.4.0-1ubuntu1~22.04' --with-bugurl=file:///usr/share/doc/gcc-11/README.Bugs --enable-languages=c,ada,c++,go,brig,d,fortran,objc,obj-c++,m2 --prefix=/usr --with-gcc-major-version-only --program-suffix=-11 --program-prefix=x86_64-linux-gnu- --enable-shared --enable-linker-build-id --libexecdir=/usr/lib --without-included-gettext --enable-threads=posix --libdir=/usr/lib --enable-nls --enable-bootstrap --enable-clocale=gnu --enable-libstdcxx-debug --enable-libstdcxx-time=yes --with-default-libstdcxx-abi=new --enable-gnu-unique-object --disable-vtable-verify --enable-plugin --enable-default-pie --with-system-zlib --enable-libphobos-checking=release --with-target-system-zlib=auto --enable-objc-gc=auto --enable-multiarch --disable-werror --enable-cet --with-arch-32=i686 --with-abi=m64 --with-multilib-list=m32,m64,mx32 --enable-multilib --with-tune=generic --enable-offload-targets=nvptx-none=/build/gcc-11-XeT9lY/gcc-11-11.4.0/debian/tmp-nvptx/usr,amdgcn-amdhsa=/build/gcc-11-XeT9lY/gcc-11-11.4.0/debian/tmp-gcn/usr --without-cuda-driver --enable-checking=release --build=x86_64-linux-gnu --host=x86_64-linux-gnu --target=x86_64-linux-gnu --with-build-config=bootstrap-lto-lean --enable-link-serialization=2
Thread model: posix
Supported LTO compression algorithms: zlib zstd
gcc version 11.4.0 (Ubuntu 11.4.0-1ubuntu1~22.04) 
... rest of stderr output deleted ...
configure:4114: $? = 0
configure:4103: gcc -V >&5
gcc: error: unrecognized command-line option '-V'
gcc: fatal error: no input files
compilation terminated.
configure:4114: $? = 1
configure:4103: gcc -qversion >&5
gcc: error: unrecognized command-line option '-qversion'; did you mean '--version'?
gcc: fatal error: no input files
compilation terminated.
configure:4114: $? = 1
configure:4103: gcc -version >&5
gcc: error: unrecognized command-line option '-version'
gcc: fatal error: no input files
compilation terminated.
configure:4114: $? = 1
configure:4134: checking whether the C compiler works
configure:4156: gcc    conftest.c  >&5
configure:4160: $? = 0
configure:4210: result: yes
configure:4213: checking for C compiler default output file name
configure:4215: result: a.out
configure:4221: checking for suffix of executables
configure:4228: gcc -o conftest    conftest.c  >&5
configure:4232: $? = 0
configure:4255: result: 
configure:4277: checking whether we are cross compiling
configure:4285: gcc -o conftest    conftest.c  >&5
configure:4289: $? = 0
configure:4296: ./conftest
configure:4300: $? = 0
configure:4315: result: no
configure:4320: checking for suffix of object files
configure:4343: gcc -c   conftest.c >&5
configure:4347: $? = 0
configure:4369: result: o
configure:4373: checking whether the compiler supports GNU C
configure:4393: gcc -c   conftest.c >&5
configure:4393: $? = 0
configure:4403: result: yes
configure:4414: checking whether gcc accepts -g
configure:4435: gcc -c -g  conftest.c >&5
configure:4435: $? = 0
configure:4479: result: yes
configure:4499: checking for gcc option to enable C11 features
configure:4514: gcc  -c -g -O2  conftest.c >&5
configure:4514: $? = 0
configure:4532: result: none needed
configure:4648: checking whether gcc understands -c and -o together
configure:4671: gcc -c conftest.c -o conftest2.o
configure:4674: $? = 0
configure:4671: gcc -c conftest.c -o conftest2.o
configure:4674: $? = 0
configure:4686: result: yes
configure:4705: checking dependency style of gcc
configure:4817: result: gcc3
configure:4832: checking for a sed that does not truncate output
configure:4902: result: /usr/bin/sed
configure:4920: checking for grep that handles long lines and -e
configure:4984: result: /usr/bin/grep
configure:4989: checking for egrep
configure:5057: result: /usr/bin/grep -E
configure:5062: checking for fgrep
configure:5130: result: /usr/bin/grep -F
configure:5166: checking for ld used by gcc
configure:5234: result: /usr/bin/ld
configure:5241: checking if the linker (/usr/bin/ld) is GNU ld
configure:5257: result: yes
configure:5269: checking for BSD- or MS-compatible name lister (nm)
configure:5324: result: /usr/bin/nm -B
configure:5464: checking the name lister (/usr/bin/nm -B) interface
configure:5472: gcc -c -g -O2  conftest.c >&5
configure:5475: /usr/bin/nm -B "conftest.o"
configure:5478: output
0000000000000000 B some_variable
configure:5485: result: BSD nm
configure:5488: checking whether ln -s works
configure:5492: result: yes
configure:5500: checking the maximum length of command line arguments
configure:5632: result: 1572864
configure:5680: checking how to convert x86_64-pc-linux-gnu file names to x86_64-pc-linux-gnu format
configure:5721: result: func_convert_file_noop
configure:5728: checking how to convert x86_64-pc-linux-gnu file names to toolchain format
configure:5749: result: func_convert_file_noop
configure:5756: checking for /usr/bin/ld option to reload object files
configure:5764: result: -r
configure:5843: checking for objdump
configure:5864: found /usr/bin/objdump
configure:5875: result: objdump
configure:5907: checking how to recognize dependent libraries
configure:6108: result: pass_all
configure:6198: checking for dlltool
configure:6233: result: no
configure:6263: checking how to associate runtime and link libraries
configure:6291: result: printf %s\n
configure:6357: checking for ar
configure:6378: found /usr/bin/ar
configure:6389: result: ar
configure:6426: checking for archiver @FILE support
configure:6444: gcc -c -g -O2  conftest.c >&5
configure:6444: $? = 0
configure:6448: ar cr libconftest.a @conftest.lst >&5
configure:6451: $? = 0
configure:6456: ar cr libconftest.a @conftest.lst >&5
ar: conftest.o: No such file or directory
configure:6459: $? = 1
configure:6471: result: @
configure:6534: checking for strip
configure:6555: found /usr/bin/strip
configure:6566: result: strip
configure:6643: checking for ranlib
configure:6664: found /usr/bin/ranlib
configure:6675: result: ranlib
configure:6777: checking command to parse /usr/bin/nm -B output from gcc object
configure:6931: gcc -c -g -O2  conftest.c >&5
configure:6934: $? = 0
configure:6938: /usr/bin/nm -B conftest.o | sed -n -e 's/^.*[	 ]\([ABCDGIRSTW][ABCDGIRSTW]*\)[	 ][	 ]*\([_A-Za-z][_A-Za-z0-9]*\)$/\1 \2 \2/p' | sed '/ __gnu_lto/d' > conftest.nm
configure:7004: gcc -o conftest -g -O2   conftest.c conftstm.o >&5
configure:7007: $? = 0
configure:7045: result: ok
configure:7092: checking for sysroot
configure:7123: result: no
configure:7130: checking for a working dd
configure:7174: result: /usr/bin/dd
configure:7178: checking how to truncate binary pipes
configure:7194: result: /usr/bin/dd bs=4096 count=1
configure:7331: gcc -c -g -O2  conftest.c >&5
configure:7334: $? = 0
configure:7531: checking for mt
configure:7552: found /usr/bin/mt
configure:7563: result: mt
configure:7586: checking if mt is a manifest tool
configure:7593: mt '-?'
configure:7601: result: no
configure:8331: checking for stdio.h
configure:8331: gcc -c -g -O2  conftest.c >&5
configure:8331: $? = 0
configure:8331: result: yes
configure:8331: checking for stdlib.h
configure:8331: gcc -c -g -O2  conftest.c >&5
configure:8331: $? = 0
configure:8331: result: yes
configure:8331: checking for string.h
configure:8331: gcc -c -g -O2  conftest.c >&5
configure:8331: $? = 0
configure:8331: result: yes
configure:8331: checking for inttypes.h
configure:8331: gcc -c -g -O2  conftest.c >&5
configure:8331: $? = 0
configure:8331: result: yes
configure:8331: checking for stdint.h
configure:8331: gcc -c -g -O2  conftest.c >&5
configure:8331: $? = 0
configure:8331: result: yes
configure:8331: checking for strings.h
configure:8331: gcc -c -g -O2  conftest.c >&5
configure:8331: $? = 0
configure:8331: result: yes
configure:8331: checking for sys/stat.h
configure:8331: gcc -c -g -O2  conftest.c >&5
configure:8331: $? = 0
configure:8331: result: yes
configure:8331: checking for sys/types.h
configure:8331: gcc -c -g -O2  conftest.c >&5
configure:8331: $? = 0
configure:8331: result: yes
configure:8331: checking for unistd.h
configure:8331: gcc -c -g -O2  conftest.c >&5
configure:8331: $? = 0
configure:8331: result: yes
configure:8356: checking for dlfcn.h
configure:8356: gcc -c -g -O2  conftest.c >&5
configure:8356: $? = 0
configure:8356: result: yes
configure:8615: checking for objdir
configure:8631: result: .libs
configure:8895: checking if gcc supports -fno-rtti -fno-exceptions
configure:8914: gcc -c -g -O2  -fno-rtti -fno-exceptions conftest.c >&5
cc1: warning: command-line option '-fno-rtti' is valid for C++/D/ObjC++ but not for C
configure:8918: $? = 0
configure:8931: result: no
configure:9295: checking for gcc option to produce PIC
configure:9303: result: -fPIC -DPIC
configure:9311: checking if gcc PIC flag -fPIC -DPIC works
configure:9330: gcc -c -g -O2  -fPIC -DPIC -DPIC conftest.c >&5
configure:9334: $? = 0
configure:9347: result: yes
configure:9376: checking if gcc static flag -static works
configure:9405: result: yes
configure:9420: checking if gcc supports -c -o file.o
configure:9442: gcc -c -g -O2  -o out/conftest2.o conftest.c >&5
configure:9446: $? = 0
configure:9468: result: yes
configure:9476: checking if gcc supports -c -o file.o
configure:9524: result: yes
configure:9557: checking whether the gcc linker (/usr/bin/ld -m elf_x86_64) supports shared libraries
configure:10827: result: yes
configure:10864: checking whether -lc should be explicitly linked in
configure:10873: gcc -c -g -O2  conftest.c >&5
configure:10876: $? = 0
configure:10891: gcc -shared  -fPIC -DPIC conftest.o  -v -Wl,-soname -Wl,conftest -o conftest 2\>\&1 \| /usr/bin/grep  -lc  \>/dev/null 2\>\&1
configure:10894: $? = 0
configure:10908: result: no
configure:11068: checking dynamic linker characteristics
configure:11650: gcc -o conftest -g -O2   -Wl,-rpath -Wl,/foo conftest.c  >&5
configure:11650: $? = 0
configure:11901: result: GNU/Linux ld.so
configure:12023: checking how to hardcode library paths into programs
configure:12048: result: immediate
configure:12600: checking whether stripping libraries is possible
configure:12605: result: yes
configure:12640: checking if libtool supports shared libraries
configure:12642: result: yes
configure:12645: checking whether to build shared libraries
configure:12670: result: yes
configure:12673: checking whether to build static libraries
configure:12677: result: yes
configure:12727: checking whether make supports nested variables
configure:12745: result: yes
configure:12816: checking for pkg-config
configure:12839: found /usr/bin/pkg-config
configure:12851: result: /usr/bin/pkg-config
configure:12876: checking pkg-config is at least version 0.9.0
configure:12879: result: yes
configure:12939: checking for ar
configure:12962: found /usr/bin/ar
configure:12974: result: /usr/bin/ar
configure:13047: checking for ranlib
configure:13070: found /usr/bin/ranlib
configure:13082: result: /usr/bin/ranlib
configure:13155: checking for strip
configure:13178: found /usr/bin/strip
configure:13190: result: /usr/bin/strip
configure:13217: checking how to run the C preprocessor
configure:13243: gcc -E  conftest.c
configure:13243: $? = 0
configure:13258: gcc -E  conftest.c
conftest.c:23:10: fatal error: ac_nonexistent.h: No such file or directory
   23 | #include <ac_nonexistent.h>
      |          ^~~~~~~~~~~~~~~~~~
compilation terminated.
configure:13258: $? = 1
configure: failed program was:
| /* confdefs.h */
| #define PACKAGE_NAME "libsecp256k1"
| #define PACKAGE_TARNAME "libsecp256k1"
| #define PACKAGE_VERSION "0.1"
| #define PACKAGE_STRING "libsecp256k1 0.1"
| #define PACKAGE_BUGREPORT ""
| #define PACKAGE_URL ""
| #define PACKAGE "libsecp256k1"
| #define VERSION "0.1"
| #define HAVE_STDIO_H 1
| #define HAVE_STDLIB_H 1
| #define HAVE_STRING_H 1
| #define HAVE_INTTYPES_H 1
| #define HAVE_STDINT_H 1
| #define HAVE_STRINGS_H 1
| #define HAVE_SYS_STAT_H 1
| #define HAVE_SYS_TYPES_H 1
| #define HAVE_UNISTD_H 1
| #define STDC_HEADERS 1
| #define HAVE_DLFCN_H 1
| #define LT_OBJDIR ".libs/"
| /* end confdefs.h.  */
| #include <ac_nonexistent.h>
configure:13285: result: gcc -E
configure:13299: gcc -E  conftest.c
configure:13299: $? = 0
configure:13314: gcc -E  conftest.c
conftest.c:23:10: fatal error: ac_nonexistent.h: No such file or directory
   23 | #include <ac_nonexistent.h>
      |          ^~~~~~~~~~~~~~~~~~
compilation terminated.
configure:13314: $? = 1
configure: failed program was:
| /* confdefs.h */
| #define PACKAGE_NAME "libsecp256k1"
| #define PACKAGE_TARNAME "libsecp256k1"
| #define PACKAGE_VERSION "0.1"
| #define PACKAGE_STRING "libsecp256k1 0.1"
| #define PACKAGE_BUGREPORT ""
| #define PACKAGE_URL ""
| #define PACKAGE "libsecp256k1"
| #define VERSION "0.1"
| #define HAVE_STDIO_H 1
| #define HAVE_STDLIB_H 1
| #define HAVE_STRING_H 1
| #define HAVE_INTTYPES_H 1
| #define HAVE_STDINT_H 1
| #define HAVE_STRINGS_H 1
| #define HAVE_SYS_STAT_H 1
| #define HAVE_SYS_TYPES_H 1
| #define HAVE_UNISTD_H 1
| #define STDC_HEADERS 1
| #define HAVE_DLFCN_H 1
| #define LT_OBJDIR ".libs/"
| /* end confdefs.h.  */
| #include <ac_nonexistent.h>
configure:13405: checking for gcc
configure:13426: found /usr/bin/gcc
configure:13437: result: gcc
configure:13790: checking for C compiler version
configure:13799: gcc --version >&5
gcc (Ubuntu 11.4.0-1ubuntu1~22.04) 11.4.0
Copyright (C) 2021 Free Software Foundation, Inc.
This is free software; see the source for copying conditions.  There is NO
warranty; not even for MERCHANTABILITY or FITNESS FOR A PARTICULAR PURPOSE.

configure:13810: $? = 0
configure:13799: gcc -v >&5
Using built-in specs.
COLLECT_GCC=gcc
COLLECT_LTO_WRAPPER=/usr/lib/gcc/x86_64-linux-gnu/11/lto-wrapper
OFFLOAD_TARGET_NAMES=nvptx-none:amdgcn-amdhsa
OFFLOAD_TARGET_DEFAULT=1
Target: x86_64-linux-gnu
Configured with: ../src/configure -v --with-pkgversion='Ubuntu 11.4.0-1ubuntu1~22.04' --with-bugurl=file:///usr/share/doc/gcc-11/README.Bugs --enable-languages=c,ada,c++,go,brig,d,fortran,objc,obj-c++,m2 --prefix=/usr --with-gcc-major-version-only --program-suffix=-11 --program-prefix=x86_64-linux-gnu- --enable-shared --enable-linker-build-id --libexecdir=/usr/lib --without-included-gettext --enable-threads=posix --libdir=/usr/lib --enable-nls --enable-bootstrap --enable-clocale=gnu --enable-libstdcxx-debug --enable-libstdcxx-time=yes --with-default-libstdcxx-abi=new --enable-gnu-unique-object --disable-vtable-verify --enable-plugin --enable-default-pie --with-system-zlib --enable-libphobos-checking=release --with-target-system-zlib=auto --enable-objc-gc=auto --enable-multiarch --disable-werror --enable-cet --with-arch-32=i686 --with-abi=m64 --with-multilib-list=m32,m64,mx32 --enable-multilib --with-tune=generic --enable-offload-targets=nvptx-none=/build/gcc-11-XeT9lY/gcc-11-11.4.0/debian/tmp-nvptx/usr,amdgcn-amdhsa=/build/gcc-11-XeT9lY/gcc-11-11.4.0/debian/tmp-gcn/usr --without-cuda-driver --enable-checking=release --build=x86_64-linux-gnu --host=x86_64-linux-gnu --target=x86_64-linux-gnu --with-build-config=bootstrap-lto-lean --enable-link-serialization=2
Thread model: posix
Supported LTO compression algorithms: zlib zstd
gcc version 11.4.0 (Ubuntu 11.4.0-1ubuntu1~22.04) 
... rest of stderr output deleted ...
configure:13810: $? = 0
configure:13799: gcc -V >&5
gcc: error: unrecognized command-line option '-V'
gcc: fatal error: no input files
compilation terminated.
configure:13810: $? = 1
configure:13799: gcc -qversion >&5
gcc: error: unrecognized command-line option '-qversion'; did you mean '--version'?
gcc: fatal error: no input files
compilation terminated.
configure:13810: $? = 1
configure:13799: gcc -version >&5
gcc: error: unrecognized command-line option '-version'
gcc: fatal error: no input files
compilation terminated.
configure:13810: $? = 1
configure:13814: checking whether the compiler supports GNU C
configure:13844: result: yes
configure:13855: checking whether gcc accepts -g
configure:13876: gcc -c -g -O2  conftest.c >&5
configure:13876: $? = 0
configure:13920: result: yes
configure:13940: checking for gcc option to enable C11 features
configure:13973: result: none needed
configure:14089: checking whether gcc understands -c and -o together
configure:14127: result: yes
configure:14146: checking dependency style of gcc
configure:14258: result: gcc3
configure:14278: checking how to run the C preprocessor
configure:14304: gcc -E  conftest.c
configure:14304: $? = 0
configure:14319: gcc -E  conftest.c
conftest.c:23:10: fatal error: ac_nonexistent.h: No such file or directory
   23 | #include <ac_nonexistent.h>
      |          ^~~~~~~~~~~~~~~~~~
compilation terminated.
configure:14319: $? = 1
configure: failed program was:
| /* confdefs.h */
| #define PACKAGE_NAME "libsecp256k1"
| #define PACKAGE_TARNAME "libsecp256k1"
| #define PACKAGE_VERSION "0.1"
| #define PACKAGE_STRING "libsecp256k1 0.1"
| #define PACKAGE_BUGREPORT ""
| #define PACKAGE_URL ""
| #define PACKAGE "libsecp256k1"
| #define VERSION "0.1"
| #define HAVE_STDIO_H 1
| #define HAVE_STDLIB_H 1
| #define HAVE_STRING_H 1
| #define HAVE_INTTYPES_H 1
| #define HAVE_STDINT_H 1
| #define HAVE_STRINGS_H 1
| #define HAVE_SYS_STAT_H 1
| #define HAVE_SYS_TYPES_H 1
| #define HAVE_UNISTD_H 1
| #define STDC_HEADERS 1
| #define HAVE_DLFCN_H 1
| #define LT_OBJDIR ".libs/"
| /* end confdefs.h.  */
| #include <ac_nonexistent.h>
configure:14346: result: gcc -E
configure:14360: gcc -E  conftest.c
configure:14360: $? = 0
configure:14375: gcc -E  conftest.c
conftest.c:23:10: fatal error: ac_nonexistent.h: No such file or directory
   23 | #include <ac_nonexistent.h>
      |          ^~~~~~~~~~~~~~~~~~
compilation terminated.
configure:14375: $? = 1
configure: failed program was:
| /* confdefs.h */
| #define PACKAGE_NAME "libsecp256k1"
| #define PACKAGE_TARNAME "libsecp256k1"
| #define PACKAGE_VERSION "0.1"
| #define PACKAGE_STRING "libsecp256k1 0.1"
| #define PACKAGE_BUGREPORT ""
| #define PACKAGE_URL ""
| #define PACKAGE "libsecp256k1"
| #define VERSION "0.1"
| #define HAVE_STDIO_H 1
| #define HAVE_STDLIB_H 1
| #define HAVE_STRING_H 1
| #define HAVE_INTTYPES_H 1
| #define HAVE_STDINT_H 1
| #define HAVE_STRINGS_H 1
| #define HAVE_SYS_STAT_H 1
| #define HAVE_SYS_TYPES_H 1
| #define HAVE_UNISTD_H 1
| #define STDC_HEADERS 1
| #define HAVE_DLFCN_H 1
| #define LT_OBJDIR ".libs/"
| /* end confdefs.h.  */
| #include <ac_nonexistent.h>
configure:14434: checking dependency style of gcc
configure:14544: result: gcc3
configure:14680: checking if gcc supports -std=c99 -pedantic -Wall -Wextra -Wcast-align -Wnested-externs -Wshadow -Wstrict-prototypes -Wno-unused-function -Wno-long-long -Wno-overlength-strings  --stack,4194304
configure:14686: gcc -c -g -O2 -W -std=c99 -pedantic -Wall -Wextra -Wcast-align -Wnested-externs -Wshadow -Wstrict-prototypes -Wno-unused-function -Wno-long-long -Wno-overlength-strings  --stack,4194304  conftest.c >&5
gcc: error: unrecognized command-line option '--stack,4194304'
configure:14686: $? = 1
configure: failed program was:
| /* confdefs.h */
| #define PACKAGE_NAME "libsecp256k1"
| #define PACKAGE_TARNAME "libsecp256k1"
| #define PACKAGE_VERSION "0.1"
| #define PACKAGE_STRING "libsecp256k1 0.1"
| #define PACKAGE_BUGREPORT ""
| #define PACKAGE_URL ""
| #define PACKAGE "libsecp256k1"
| #define VERSION "0.1"
| #define HAVE_STDIO_H 1
| #define HAVE_STDLIB_H 1
| #define HAVE_STRING_H 1
| #define HAVE_INTTYPES_H 1
| #define HAVE_STDINT_H 1
| #define HAVE_STRINGS_H 1
| #define HAVE_SYS_STAT_H 1
| #define HAVE_SYS_TYPES_H 1
| #define HAVE_UNISTD_H 1
| #define STDC_HEADERS 1
| #define HAVE_DLFCN_H 1
| #define LT_OBJDIR ".libs/"
| /* end confdefs.h.  */
| char foo;
configure:14691: result: no
configure:14700: checking if gcc supports -fvisibility=hidden
configure:14706: gcc -c -g -O2 -W -fvisibility=hidden  conftest.c >&5
configure:14706: $? = 0
configure:14708: result: yes
configure:14929: checking for __int128
configure:14929: gcc -c -g -O2 -W -fvisibility=hidden  conftest.c >&5
configure:14929: $? = 0
configure:14929: gcc -c -g -O2 -W -fvisibility=hidden  conftest.c >&5
conftest.c: In function 'main':
conftest.c:54:23: error: expected expression before ')' token
   54 | if (sizeof ((__int128)))
      |                       ^
configure:14929: $? = 1
configure: failed program was:
| /* confdefs.h */
| #define PACKAGE_NAME "libsecp256k1"
| #define PACKAGE_TARNAME "libsecp256k1"
| #define PACKAGE_VERSION "0.1"
| #define PACKAGE_STRING "libsecp256k1 0.1"
| #define PACKAGE_BUGREPORT ""
| #define PACKAGE_URL ""
| #define PACKAGE "libsecp256k1"
| #define VERSION "0.1"
| #define HAVE_STDIO_H 1
| #define HAVE_STDLIB_H 1
| #define HAVE_STRING_H 1
| #define HAVE_INTTYPES_H 1
| #define HAVE_STDINT_H 1
| #define HAVE_STRINGS_H 1
| #define HAVE_SYS_STAT_H 1
| #define HAVE_SYS_TYPES_H 1
| #define HAVE_UNISTD_H 1
| #define STDC_HEADERS 1
| #define HAVE_DLFCN_H 1
| #define LT_OBJDIR ".libs/"
| /* end confdefs.h.  */
| #include <stddef.h>
| #ifdef HAVE_STDIO_H
| # include <stdio.h>
| #endif
| #ifdef HAVE_STDLIB_H
| # include <stdlib.h>
| #endif
| #ifdef HAVE_STRING_H
| # include <string.h>
| #endif
| #ifdef HAVE_INTTYPES_H
| # include <inttypes.h>
| #endif
| #ifdef HAVE_STDINT_H
| # include <stdint.h>
| #endif
| #ifdef HAVE_STRINGS_H
| # include <strings.h>
| #endif
| #ifdef HAVE_SYS_TYPES_H
| # include <sys/types.h>
| #endif
| #ifdef HAVE_SYS_STAT_H
| # include <sys/stat.h>
| #endif
| #ifdef HAVE_UNISTD_H
| # include <unistd.h>
| #endif
| int
| main (void)
| {
| if (sizeof ((__int128)))
| 	    return 0;
|   ;
|   return 0;
| }
configure:14929: result: yes
configure:14939: checking for __builtin_expect
configure:14945: gcc -c -g -O2 -W -fvisibility=hidden  conftest.c >&5
configure:14945: $? = 0
configure:14947: result: yes
configure:14968: checking for __builtin_popcount
configure:14974: gcc -c -g -O2 -W -fvisibility=hidden -O3  conftest.c >&5
configure:14974: $? = 0
configure:14976: result: yes
configure:14987: checking for __builtin_popcountl
configure:14993: gcc -c -g -O2 -W -fvisibility=hidden -O3  conftest.c >&5
configure:14993: $? = 0
configure:14995: result: yes
configure:15006: checking for __builtin_ctzl
configure:15012: gcc -c -g -O2 -W -fvisibility=hidden -O3  conftest.c >&5
configure:15012: $? = 0
configure:15014: result: yes
configure:15031: checking native compiler: gcc
configure:15047: gcc -o conftest -g -O2 -W -fvisibility=hidden -O3   conftest.c  >&5
configure:15047: $? = 0
configure:15047: ./conftest
configure:15047: $? = 0
configure:15069: result: ok
configure:15077: checking for  __builtin_clzll
configure:15083: gcc -c -g -O2 -W -fvisibility=hidden -O3  conftest.c >&5
configure:15083: $? = 0
configure:15085: result: yes
configure:15098: checking for x86_64 assembly availability
configure:15115: gcc -c -g -O2 -W -fvisibility=hidden -O3  conftest.c >&5
conftest.c: In function 'main':
conftest.c:36:3: warning: 'tmp' is used uninitialized [-Wuninitialized]
   36 |   __asm__ __volatile__("movq $0x100000000,%1; mulq %%rsi" : "+a"(a) : "S"(tmp) : "cc", "%rdx");
      |   ^~~~~~~
configure:15115: $? = 0
configure:15122: result: yes
configure:15249: checking for gmp.h
configure:15249: gcc -c -g -O2 -W -fvisibility=hidden -O3   conftest.c >&5
conftest.c:57:10: fatal error: gmp.h: No such file or directory
   57 | #include <gmp.h>
      |          ^~~~~~~
compilation terminated.
configure:15249: $? = 1
configure: failed program was:
| /* confdefs.h */
| #define PACKAGE_NAME "libsecp256k1"
| #define PACKAGE_TARNAME "libsecp256k1"
| #define PACKAGE_VERSION "0.1"
| #define PACKAGE_STRING "libsecp256k1 0.1"
| #define PACKAGE_BUGREPORT ""
| #define PACKAGE_URL ""
| #define PACKAGE "libsecp256k1"
| #define VERSION "0.1"
| #define HAVE_STDIO_H 1
| #define HAVE_STDLIB_H 1
| #define HAVE_STRING_H 1
| #define HAVE_INTTYPES_H 1
| #define HAVE_STDINT_H 1
| #define HAVE_STRINGS_H 1
| #define HAVE_SYS_STAT_H 1
| #define HAVE_SYS_TYPES_H 1
| #define HAVE_UNISTD_H 1
| #define STDC_HEADERS 1
| #define HAVE_DLFCN_H 1
| #define LT_OBJDIR ".libs/"
| #define HAVE___INT128 1
| #define HAVE_BUILTIN_EXPECT 1
| #define HAVE_BUILTIN_POPCOUNT 1
| #define HAVE_BUILTIN_POPCOUNTL 1
| #define HAVE_BUILTIN_CTZL 1
| #define HAVE_BUILTIN_CLZLL 1
| /* end confdefs.h.  */
| #include <stddef.h>
| #ifdef HAVE_STDIO_H
| # include <stdio.h>
| #endif
| #ifdef HAVE_STDLIB_H
| # include <stdlib.h>
| #endif
| #ifdef HAVE_STRING_H
| # include <string.h>
| #endif
| #ifdef HAVE_INTTYPES_H
| # include <inttypes.h>
| #endif
| #ifdef HAVE_STDINT_H
| # include <stdint.h>
| #endif
| #ifdef HAVE_STRINGS_H
| # include <strings.h>
| #endif
| #ifdef HAVE_SYS_TYPES_H
| # include <sys/types.h>
| #endif
| #ifdef HAVE_SYS_STAT_H
| # include <sys/stat.h>
| #endif
| #ifdef HAVE_UNISTD_H
| # include <unistd.h>
| #endif
| #include <gmp.h>
configure:15249: result: no
configure:15471: checking for libcrypto
configure:15478: $PKG_CONFIG --exists --print-errors "libcrypto"
configure:15481: $? = 0
configure:15495: $PKG_CONFIG --exists --print-errors "libcrypto"
configure:15498: $? = 0
configure:15536: result: yes
configure:15543: checking for main in -lcrypto
configure:15563: gcc -o conftest -g -O2 -W -fvisibility=hidden -O3   conftest.c -lcrypto   -lcrypto >&5
configure:15563: $? = 0
configure:15573: result: yes
configure:15641: checking for EC functions in libcrypto
configure:15665: gcc -c -g -O2 -W -fvisibility=hidden -O3  conftest.c >&5
conftest.c: In function 'main':
conftest.c:44:5: warning: 'EC_KEY_new_by_curve_name' is deprecated: Since OpenSSL 3.0 [-Wdeprecated-declarations]
   44 |     EC_KEY *eckey = EC_KEY_new_by_curve_name(NID_secp256k1);
      |     ^~~~~~
In file included from conftest.c:37:
/usr/include/openssl/ec.h:998:31: note: declared here
  998 | OSSL_DEPRECATEDIN_3_0 EC_KEY *EC_KEY_new_by_curve_name(int nid);
      |                               ^~~~~~~~~~~~~~~~~~~~~~~~
conftest.c:45:5: warning: 'ECDSA_sign' is deprecated: Since OpenSSL 3.0 [-Wdeprecated-declarations]
   45 |     ECDSA_sign(0, NULL, 0, NULL, NULL, eckey);
      |     ^~~~~~~~~~
In file included from conftest.c:37:
/usr/include/openssl/ec.h:1414:27: note: declared here
 1414 | OSSL_DEPRECATEDIN_3_0 int ECDSA_sign(int type, const unsigned char *dgst,
      |                           ^~~~~~~~~~
conftest.c:46:5: warning: 'ECDSA_verify' is deprecated: Since OpenSSL 3.0 [-Wdeprecated-declarations]
   46 |     ECDSA_verify(0, NULL, 0, NULL, 0, eckey);
      |     ^~~~~~~~~~~~
In file included from conftest.c:37:
/usr/include/openssl/ec.h:1447:27: note: declared here
 1447 | OSSL_DEPRECATEDIN_3_0 int ECDSA_verify(int type, const unsigned char *dgst,
      |                           ^~~~~~~~~~~~
conftest.c:47:5: warning: 'EC_KEY_free' is deprecated: Since OpenSSL 3.0 [-Wdeprecated-declarations]
   47 |     EC_KEY_free(eckey);
      |     ^~~~~~~~~~~
In file included from conftest.c:37:
/usr/include/openssl/ec.h:1003:28: note: declared here
 1003 | OSSL_DEPRECATEDIN_3_0 void EC_KEY_free(EC_KEY *key);
      |                            ^~~~~~~~~~~
configure:15665: $? = 0
configure:15672: result: yes
configure:15953: checking whether byte ordering is bigendian
configure:15969: gcc -c -g -O2 -W -fvisibility=hidden -O3  conftest.c >&5
conftest.c:39:16: error: unknown type name 'not'
   39 |                not a universal capable compiler
      |                ^~~
conftest.c:39:22: error: expected '=', ',', ';', 'asm' or '__attribute__' before 'universal'
   39 |                not a universal capable compiler
      |                      ^~~~~~~~~
conftest.c:39:22: error: unknown type name 'universal'
configure:15969: $? = 1
configure: failed program was:
| /* confdefs.h */
| #define PACKAGE_NAME "libsecp256k1"
| #define PACKAGE_TARNAME "libsecp256k1"
| #define PACKAGE_VERSION "0.1"
| #define PACKAGE_STRING "libsecp256k1 0.1"
| #define PACKAGE_BUGREPORT ""
| #define PACKAGE_URL ""
| #define PACKAGE "libsecp256k1"
| #define VERSION "0.1"
| #define HAVE_STDIO_H 1
| #define HAVE_STDLIB_H 1
| #define HAVE_STRING_H 1
| #define HAVE_INTTYPES_H 1
| #define HAVE_STDINT_H 1
| #define HAVE_STRINGS_H 1
| #define HAVE_SYS_STAT_H 1
| #define HAVE_SYS_TYPES_H 1
| #define HAVE_UNISTD_H 1
| #define STDC_HEADERS 1
| #define HAVE_DLFCN_H 1
| #define LT_OBJDIR ".libs/"
| #define HAVE___INT128 1
| #define HAVE_BUILTIN_EXPECT 1
| #define HAVE_BUILTIN_POPCOUNT 1
| #define HAVE_BUILTIN_POPCOUNTL 1
| #define HAVE_BUILTIN_CTZL 1
| #define HAVE_BUILTIN_CLZLL 1
| #define USE_ASM_X86_64 1
| #define USE_FIELD_5X52 1
| #define USE_NUM_NONE 1
| #define USE_FIELD_INV_BUILTIN 1
| #define USE_SCALAR_INV_BUILTIN 1
| #define USE_SCALAR_4X64 1
| #define HAVE_LIBCRYPTO 1
| #define ENABLE_OPENSSL_TESTS 1
| #define USE_ECMULT_STATIC_PRECOMPUTATION 1
| /* end confdefs.h.  */
| #ifndef __APPLE_CC__
| 	       not a universal capable compiler
| 	     #endif
| 	     typedef int dummy;
| 
configure:16015: gcc -c -g -O2 -W -fvisibility=hidden -O3  conftest.c >&5
configure:16015: $? = 0
configure:16034: gcc -c -g -O2 -W -fvisibility=hidden -O3  conftest.c >&5
conftest.c: In function 'main':
conftest.c:45:18: error: unknown type name 'not'; did you mean 'ino_t'?
   45 |                  not big endian
      |                  ^~~
      |                  ino_t
conftest.c:45:26: error: expected '=', ',', ';', 'asm' or '__attribute__' before 'endian'
   45 |                  not big endian
      |                          ^~~~~~
configure:16034: $? = 1
configure: failed program was:
| /* confdefs.h */
| #define PACKAGE_NAME "libsecp256k1"
| #define PACKAGE_TARNAME "libsecp256k1"
| #define PACKAGE_VERSION "0.1"
| #define PACKAGE_STRING "libsecp256k1 0.1"
| #define PACKAGE_BUGREPORT ""
| #define PACKAGE_URL ""
| #define PACKAGE "libsecp256k1"
| #define VERSION "0.1"
| #define HAVE_STDIO_H 1
| #define HAVE_STDLIB_H 1
| #define HAVE_STRING_H 1
| #define HAVE_INTTYPES_H 1
| #define HAVE_STDINT_H 1
| #define HAVE_STRINGS_H 1
| #define HAVE_SYS_STAT_H 1
| #define HAVE_SYS_TYPES_H 1
| #define HAVE_UNISTD_H 1
| #define STDC_HEADERS 1
| #define HAVE_DLFCN_H 1
| #define LT_OBJDIR ".libs/"
| #define HAVE___INT128 1
| #define HAVE_BUILTIN_EXPECT 1
| #define HAVE_BUILTIN_POPCOUNT 1
| #define HAVE_BUILTIN_POPCOUNTL 1
| #define HAVE_BUILTIN_CTZL 1
| #define HAVE_BUILTIN_CLZLL 1
| #define USE_ASM_X86_64 1
| #define USE_FIELD_5X52 1
| #define USE_NUM_NONE 1
| #define USE_FIELD_INV_BUILTIN 1
| #define USE_SCALAR_INV_BUILTIN 1
| #define USE_SCALAR_4X64 1
| #define HAVE_LIBCRYPTO 1
| #define ENABLE_OPENSSL_TESTS 1
| #define USE_ECMULT_STATIC_PRECOMPUTATION 1
| /* end confdefs.h.  */
| #include <sys/types.h>
| 		#include <sys/param.h>
| 
| int
| main (void)
| {
| #if BYTE_ORDER != BIG_ENDIAN
| 		 not big endian
| 		#endif
| 
|   ;
|   return 0;
| }
configure:16168: result: no
configure:16193: Using static precomputation: yes
configure:16195: Using assembly optimizations: x86_64
configure:16197: Using field implementation: 64bit
configure:16199: Using bignum implementation: no
configure:16201: Using scalar implementation: 64bit
configure:16203: Using endomorphism optimizations: no
configure:16205: Building benchmarks: yes
configure:16207: Building for coverage analysis: no
configure:16209: Building ECDH module: no
configure:16211: Building ECDSA pubkey recovery module: no
configure:16213: Using jni: no
configure:16588: checking that generated files are newer than configure
configure:16594: result: done
configure:16702: creating ./config.status

## ---------------------- ##
## Running config.status. ##
## ---------------------- ##

This file was extended by libsecp256k1 config.status 0.1, which was
generated by GNU Autoconf 2.71.  Invocation command line was

  CONFIG_FILES    = 
  CONFIG_HEADERS  = 
  CONFIG_LINKS    = 
  CONFIG_COMMANDS = 
  $ ./config.status 

on pop-os

config.status:1167: creating Makefile
config.status:1167: creating libsecp256k1.pc
config.status:1167: creating src/libsecp256k1-config.h
config.status:1396: executing depfiles commands
config.status:1473: cd .       && sed -e '/# am--include-marker/d' Makefile         | make -f - am--depfiles
config.status:1478: $? = 0
config.status:1396: executing libtool commands

## ---------------- ##
## Cache variables. ##
## ---------------- ##

ac_cv_build=x86_64-pc-linux-gnu
ac_cv_build_prog_CPP='gcc -E'
ac_cv_build_prog_cc_g=yes
ac_cv_c_bigendian=no
ac_cv_c_compiler_gnu=yes
ac_cv_env_CCASFLAGS_set=
ac_cv_env_CCASFLAGS_value=
ac_cv_env_CCAS_set=
ac_cv_env_CCAS_value=
ac_cv_env_CC_set=
ac_cv_env_CC_value=
ac_cv_env_CFLAGS_set=
ac_cv_env_CFLAGS_value=
ac_cv_env_CPPFLAGS_set=
ac_cv_env_CPPFLAGS_value=
ac_cv_env_CPP_set=
ac_cv_env_CPP_value=
ac_cv_env_CRYPTO_CFLAGS_set=
ac_cv_env_CRYPTO_CFLAGS_value=
ac_cv_env_CRYPTO_LIBS_set=
ac_cv_env_CRYPTO_LIBS_value=
ac_cv_env_LDFLAGS_set=
ac_cv_env_LDFLAGS_value=
ac_cv_env_LIBS_set=
ac_cv_env_LIBS_value=
ac_cv_env_LT_SYS_LIBRARY_PATH_set=
ac_cv_env_LT_SYS_LIBRARY_PATH_value=
ac_cv_env_PKG_CONFIG_LIBDIR_set=
ac_cv_env_PKG_CONFIG_LIBDIR_value=
ac_cv_env_PKG_CONFIG_PATH_set=
ac_cv_env_PKG_CONFIG_PATH_value=
ac_cv_env_PKG_CONFIG_set=
ac_cv_env_PKG_CONFIG_value=
ac_cv_env_build_alias_set=
ac_cv_env_build_alias_value=
ac_cv_env_host_alias_set=
ac_cv_env_host_alias_value=
ac_cv_env_target_alias_set=
ac_cv_env_target_alias_value=
ac_cv_header_dlfcn_h=yes
ac_cv_header_gmp_h=no
ac_cv_header_inttypes_h=yes
ac_cv_header_stdint_h=yes
ac_cv_header_stdio_h=yes
ac_cv_header_stdlib_h=yes
ac_cv_header_string_h=yes
ac_cv_header_strings_h=yes
ac_cv_header_sys_stat_h=yes
ac_cv_header_sys_types_h=yes
ac_cv_header_unistd_h=yes
ac_cv_host=x86_64-pc-linux-gnu
ac_cv_lib_crypto_main=yes
ac_cv_objext=o
ac_cv_path_EGREP='/usr/bin/grep -E'
ac_cv_path_FGREP='/usr/bin/grep -F'
ac_cv_path_GREP=/usr/bin/grep
ac_cv_path_SED=/usr/bin/sed
ac_cv_path_ac_pt_AR=/usr/bin/ar
ac_cv_path_ac_pt_PKG_CONFIG=/usr/bin/pkg-config
ac_cv_path_ac_pt_RANLIB=/usr/bin/ranlib
ac_cv_path_ac_pt_STRIP=/usr/bin/strip
ac_cv_path_install='/usr/bin/install -c'
ac_cv_path_lt_DD=/usr/bin/dd
ac_cv_path_mkdir=/usr/bin/mkdir
ac_cv_prog_AWK=gawk
ac_cv_prog_CPP='gcc -E'
ac_cv_prog_ac_ct_AR=ar
ac_cv_prog_ac_ct_CC=gcc
ac_cv_prog_ac_ct_CC_FOR_BUILD=gcc
ac_cv_prog_ac_ct_MANIFEST_TOOL=mt
ac_cv_prog_ac_ct_OBJDUMP=objdump
ac_cv_prog_ac_ct_RANLIB=ranlib
ac_cv_prog_ac_ct_STRIP=strip
ac_cv_prog_cc_c11=
ac_cv_prog_cc_g=yes
ac_cv_prog_cc_stdc=
ac_cv_prog_make_make_set=yes
ac_cv_type___int128=yes
am_cv_CCAS_dependencies_compiler_type=gcc3
am_cv_CC_dependencies_compiler_type=gcc3
am_cv_make_support_nested_variables=yes
am_cv_prog_cc_c_o=yes
lt_cv_ar_at_file=@
lt_cv_archive_cmds_need_lc=no
lt_cv_deplibs_check_method=pass_all
lt_cv_file_magic_cmd='$MAGIC_CMD'
lt_cv_file_magic_test_file=
lt_cv_ld_reload_flag=-r
lt_cv_nm_interface='BSD nm'
lt_cv_objdir=.libs
lt_cv_path_LD=/usr/bin/ld
lt_cv_path_NM='/usr/bin/nm -B'
lt_cv_path_mainfest_tool=no
lt_cv_prog_compiler_c_o=yes
lt_cv_prog_compiler_pic='-fPIC -DPIC'
lt_cv_prog_compiler_pic_works=yes
lt_cv_prog_compiler_rtti_exceptions=no
lt_cv_prog_compiler_static_works=yes
lt_cv_prog_gnu_ld=yes
lt_cv_sharedlib_from_linklib_cmd='printf %s\n'
lt_cv_shlibpath_overrides_runpath=yes
lt_cv_sys_global_symbol_pipe='sed -n -e '\''s/^.*[	 ]\([ABCDGIRSTW][ABCDGIRSTW]*\)[	 ][	 ]*\([_A-Za-z][_A-Za-z0-9]*\)$/\1 \2 \2/p'\'' | sed '\''/ __gnu_lto/d'\'''
lt_cv_sys_global_symbol_to_c_name_address='sed -n -e '\''s/^: \(.*\) .*$/  {"\1", (void *) 0},/p'\'' -e '\''s/^[ABCDGIRSTW][ABCDGIRSTW]* .* \(.*\)$/  {"\1", (void *) \&\1},/p'\'''
lt_cv_sys_global_symbol_to_c_name_address_lib_prefix='sed -n -e '\''s/^: \(.*\) .*$/  {"\1", (void *) 0},/p'\'' -e '\''s/^[ABCDGIRSTW][ABCDGIRSTW]* .* \(lib.*\)$/  {"\1", (void *) \&\1},/p'\'' -e '\''s/^[ABCDGIRSTW][ABCDGIRSTW]* .* \(.*\)$/  {"lib\1", (void *) \&\1},/p'\'''
lt_cv_sys_global_symbol_to_cdecl='sed -n -e '\''s/^T .* \(.*\)$/extern int \1();/p'\'' -e '\''s/^[ABCDGIRSTW][ABCDGIRSTW]* .* \(.*\)$/extern char \1;/p'\'''
lt_cv_sys_global_symbol_to_import=
lt_cv_sys_max_cmd_len=1572864
lt_cv_to_host_file_cmd=func_convert_file_noop
lt_cv_to_tool_file_cmd=func_convert_file_noop
lt_cv_truncate_bin='/usr/bin/dd bs=4096 count=1'
pkg_cv_CRYPTO_CFLAGS=
pkg_cv_CRYPTO_LIBS=-lcrypto

## ----------------- ##
## Output variables. ##
## ----------------- ##

ACLOCAL='${SHELL} '\''/home/parko/2024.msc.marko.cirkovic/eidch-pilot-elfa-base-infrastructure/crypto-dbpoe/build-aux/missing'\'' aclocal-1.16'
AMDEPBACKSLASH='\'
AMDEP_FALSE='#'
AMDEP_TRUE=''
AMTAR='$${TAR-tar}'
AM_BACKSLASH='\'
AM_DEFAULT_V='$(AM_DEFAULT_VERBOSITY)'
AM_DEFAULT_VERBOSITY='0'
AM_V='$(V)'
AR='/usr/bin/ar'
AUTOCONF='${SHELL} '\''/home/parko/2024.msc.marko.cirkovic/eidch-pilot-elfa-base-infrastructure/crypto-dbpoe/build-aux/missing'\'' autoconf'
AUTOHEADER='${SHELL} '\''/home/parko/2024.msc.marko.cirkovic/eidch-pilot-elfa-base-infrastructure/crypto-dbpoe/build-aux/missing'\'' autoheader'
AUTOMAKE='${SHELL} '\''/home/parko/2024.msc.marko.cirkovic/eidch-pilot-elfa-base-infrastructure/crypto-dbpoe/build-aux/missing'\'' automake-1.16'
AWK='gawk'
BREW=''
BUILD_EXEEXT=''
BUILD_OBJEXT=''
CC='gcc'
CCAS='gcc'
CCASDEPMODE='depmode=gcc3'
CCASFLAGS='-g -O2'
CCDEPMODE='depmode=gcc3'
CC_FOR_BUILD='gcc'
CFLAGS='-g -O2 -W -fvisibility=hidden -O3'
CFLAGS_FOR_BUILD='-g -O2'
CPP='gcc -E'
CPPFLAGS=''
CPPFLAGS_FOR_BUILD=''
CPP_FOR_BUILD='gcc -E'
CRYPTO_CFLAGS=''
CRYPTO_LIBS='-lcrypto'
CSCOPE='cscope'
CTAGS='ctags'
CYGPATH_W='echo'
DEFS='-DHAVE_CONFIG_H'
DEPDIR='.deps'
DLLTOOL='false'
DSYMUTIL=''
DUMPBIN=''
ECHO_C=''
ECHO_N='-n'
ECHO_T=''
EGREP='/usr/bin/grep -E'
ENABLE_COVERAGE_FALSE=''
ENABLE_COVERAGE_TRUE='#'
ENABLE_MODULE_AGGSIG_FALSE=''
ENABLE_MODULE_AGGSIG_TRUE='#'
ENABLE_MODULE_BULLETPROOF_FALSE=''
ENABLE_MODULE_BULLETPROOF_TRUE='#'
ENABLE_MODULE_COMMITMENT_FALSE=''
ENABLE_MODULE_COMMITMENT_TRUE='#'
ENABLE_MODULE_ECDH_FALSE=''
ENABLE_MODULE_ECDH_TRUE='#'
ENABLE_MODULE_GENERATOR_FALSE=''
ENABLE_MODULE_GENERATOR_TRUE='#'
ENABLE_MODULE_RANGEPROOF_FALSE=''
ENABLE_MODULE_RANGEPROOF_TRUE='#'
ENABLE_MODULE_RECOVERY_FALSE=''
ENABLE_MODULE_RECOVERY_TRUE='#'
ENABLE_MODULE_RINGCIP_FALSE=''
ENABLE_MODULE_RINGCIP_TRUE='#'
ENABLE_MODULE_SCHNORRSIG_FALSE=''
ENABLE_MODULE_SCHNORRSIG_TRUE='#'
ENABLE_MODULE_SURJECTIONPROOF_FALSE=''
ENABLE_MODULE_SURJECTIONPROOF_TRUE='#'
ENABLE_MODULE_WHITELIST_FALSE=''
ENABLE_MODULE_WHITELIST_TRUE='#'
ETAGS='etags'
EXEEXT=''
FGREP='/usr/bin/grep -F'
GREP='/usr/bin/grep'
INSTALL_DATA='${INSTALL} -m 644'
INSTALL_PROGRAM='${INSTALL}'
INSTALL_SCRIPT='${INSTALL}'
INSTALL_STRIP_PROGRAM='$(install_sh) -c -s'
JNI_INCLUDES=''
LD='/usr/bin/ld -m elf_x86_64'
LDFLAGS=''
LDFLAGS_FOR_BUILD=''
LIBOBJS=''
LIBS=''
LIBTOOL='$(SHELL) $(top_builddir)/libtool'
LIPO=''
LN_S='ln -s'
LTLIBOBJS=''
LT_SYS_LIBRARY_PATH=''
MAKEINFO='${SHELL} '\''/home/parko/2024.msc.marko.cirkovic/eidch-pilot-elfa-base-infrastructure/crypto-dbpoe/build-aux/missing'\'' makeinfo'
MANIFEST_TOOL=':'
MKDIR_P='/usr/bin/mkdir -p'
NM='/usr/bin/nm -B'
NMEDIT=''
OBJDUMP='objdump'
OBJEXT='o'
OTOOL64=''
OTOOL=''
PACKAGE='libsecp256k1'
PACKAGE_BUGREPORT=''
PACKAGE_NAME='libsecp256k1'
PACKAGE_STRING='libsecp256k1 0.1'
PACKAGE_TARNAME='libsecp256k1'
PACKAGE_URL=''
PACKAGE_VERSION='0.1'
PATH_SEPARATOR=':'
PKG_CONFIG='/usr/bin/pkg-config'
PKG_CONFIG_LIBDIR=''
PKG_CONFIG_PATH=''
PORT=''
RANLIB='/usr/bin/ranlib'
SECP_INCLUDES=''
SECP_LIBS=''
SECP_TEST_INCLUDES=' '
SECP_TEST_LIBS='-lcrypto'
SED='/usr/bin/sed'
SET_MAKE=''
SHELL='/bin/bash'
STRIP='/usr/bin/strip'
USE_ASM_ARM_FALSE=''
USE_ASM_ARM_TRUE='#'
USE_BENCHMARK_FALSE='#'
USE_BENCHMARK_TRUE=''
USE_ECMULT_STATIC_PRECOMPUTATION_FALSE='#'
USE_ECMULT_STATIC_PRECOMPUTATION_TRUE=''
USE_EXHAUSTIVE_TESTS_FALSE='#'
USE_EXHAUSTIVE_TESTS_TRUE=''
USE_EXTERNAL_ASM_FALSE=''
USE_EXTERNAL_ASM_TRUE='#'
USE_JNI_FALSE=''
USE_JNI_TRUE='#'
USE_TESTS_FALSE='#'
USE_TESTS_TRUE=''
VERSION='0.1'
_ACJNI_JAVAC=''
ac_ct_AR='ar'
ac_ct_CC='gcc'
ac_ct_CC_FOR_BUILD='gcc'
ac_ct_DUMPBIN=''
am__EXEEXT_FALSE=''
am__EXEEXT_TRUE='#'
am__fastdepCCAS_FALSE='#'
am__fastdepCCAS_TRUE=''
am__fastdepCC_FALSE='#'
am__fastdepCC_TRUE=''
am__include='include'
am__isrc=''
am__leading_dot='.'
am__nodep='_no'
am__quote=''
am__tar='$${TAR-tar} chof - "$$tardir"'
am__untar='$${TAR-tar} xf -'
bindir='${exec_prefix}/bin'
build='x86_64-pc-linux-gnu'
build_alias=''
build_cpu='x86_64'
build_os='linux-gnu'
build_vendor='pc'
datadir='${datarootdir}'
datarootdir='${prefix}/share'
docdir='${datarootdir}/doc/${PACKAGE_TARNAME}'
dvidir='${docdir}'
exec_prefix='${prefix}'
host='x86_64-pc-linux-gnu'
host_alias=''
host_cpu='x86_64'
host_os='linux-gnu'
host_vendor='pc'
htmldir='${docdir}'
includedir='${prefix}/include'
infodir='${datarootdir}/info'
install_sh='${SHELL} /home/parko/2024.msc.marko.cirkovic/eidch-pilot-elfa-base-infrastructure/crypto-dbpoe/build-aux/install-sh'
libdir='${exec_prefix}/lib'
libexecdir='${exec_prefix}/libexec'
localedir='${datarootdir}/locale'
localstatedir='${prefix}/var'
mandir='${datarootdir}/man'
mkdir_p='$(MKDIR_P)'
oldincludedir='/usr/include'
pdfdir='${docdir}'
prefix='/usr/local'
program_transform_name='s,x,x,'
psdir='${docdir}'
runstatedir='${localstatedir}/run'
sbindir='${exec_prefix}/sbin'
sharedstatedir='${prefix}/com'
sysconfdir='${prefix}/etc'
target_alias=''

## ----------- ##
## confdefs.h. ##
## ----------- ##

/* confdefs.h */
#define PACKAGE_NAME "libsecp256k1"
#define PACKAGE_TARNAME "libsecp256k1"
#define PACKAGE_VERSION "0.1"
#define PACKAGE_STRING "libsecp256k1 0.1"
#define PACKAGE_BUGREPORT ""
#define PACKAGE_URL ""
#define PACKAGE "libsecp256k1"
#define VERSION "0.1"
#define HAVE_STDIO_H 1
#define HAVE_STDLIB_H 1
#define HAVE_STRING_H 1
#define HAVE_INTTYPES_H 1
#define HAVE_STDINT_H 1
#define HAVE_STRINGS_H 1
#define HAVE_SYS_STAT_H 1
#define HAVE_SYS_TYPES_H 1
#define HAVE_UNISTD_H 1
#define STDC_HEADERS 1
#define HAVE_DLFCN_H 1
#define LT_OBJDIR ".libs/"
#define HAVE___INT128 1
#define HAVE_BUILTIN_EXPECT 1
#define HAVE_BUILTIN_POPCOUNT 1
#define HAVE_BUILTIN_POPCOUNTL 1
#define HAVE_BUILTIN_CTZL 1
#define HAVE_BUILTIN_CLZLL 1
#define USE_ASM_X86_64 1
#define USE_FIELD_5X52 1
#define USE_NUM_NONE 1
#define USE_FIELD_INV_BUILTIN 1
#define USE_SCALAR_INV_BUILTIN 1
#define USE_SCALAR_4X64 1
#define HAVE_LIBCRYPTO 1
#define ENABLE_OPENSSL_TESTS 1
#define USE_ECMULT_STATIC_PRECOMPUTATION 1
#define ENABLE_MODULE_ECDH 1
#define ENABLE_MODULE_GENERATOR 1
#define ENABLE_MODULE_RECOVERY 1
#define ENABLE_MODULE_RANGEPROOF 1
#define ENABLE_MODULE_BULLETPROOF 1
#define ENABLE_MODULE_AGGSIG 1
#define ENABLE_MODULE_SCHNORRSIG 1

configure: exit 0
